<?xml version="1.0" encoding="UTF-8"?>
<robot generator="Robot 6.1.1 (Python 3.11.5 on win32)" generated="20230910 19:23:59.655" rpa="false" schemaversion="4">
<suite id="s1" name="Blogtest" source="C:\testeilegra\tests\pesquisa\blogtest.robot">
<test id="s1-t1" name="Test Scenario 01: Search for an article on the agi blog" line="7">
<kw name="Given I access the blog page" library="blogresources">
<kw name="Open Browser" library="SeleniumLibrary">
<arg>url=${URL}</arg>
<arg>browser=${BROWSER}</arg>
<doc>Opens a new browser instance to the optional ``url``.</doc>
<msg timestamp="20230910 19:23:59.986" level="INFO">Opening browser 'chrome' to base url 'https://blogdoagi.com.br/'.</msg>
<status status="PASS" starttime="20230910 19:23:59.986" endtime="20230910 19:24:05.746"/>
</kw>
<kw name="Maximize Browser Window" library="SeleniumLibrary">
<doc>Maximizes current browser window.</doc>
<status status="PASS" starttime="20230910 19:24:05.746" endtime="20230910 19:24:05.891"/>
</kw>
<kw name="Title Should Be" library="SeleniumLibrary">
<arg>Blog do Agi</arg>
<doc>Verifies that the current page title equals ``title``.</doc>
<msg timestamp="20230910 19:24:05.899" level="INFO">Page title is 'Blog do Agi'.</msg>
<status status="PASS" starttime="20230910 19:24:05.891" endtime="20230910 19:24:05.907"/>
</kw>
<status status="PASS" starttime="20230910 19:23:59.986" endtime="20230910 19:24:05.907"/>
</kw>
<kw name="When I search for an article with the text &quot;Agibank se prepara para transacionar via Drex&quot;" library="blogresources" sourcename="When I search for an article with the text &quot;${result_found}&quot;">
<kw name="Wait Until Element Is Visible" library="SeleniumLibrary">
<arg>locator=${search_magnifying_glass}</arg>
<doc>Waits until the element ``locator`` is visible.</doc>
<status status="PASS" starttime="20230910 19:24:05.907" endtime="20230910 19:24:06.049"/>
</kw>
<kw name="Sleep" library="BuiltIn">
<arg>10</arg>
<doc>Pauses the test executed for the given time.</doc>
<msg timestamp="20230910 19:24:16.050" level="INFO">Slept 10 seconds</msg>
<status status="PASS" starttime="20230910 19:24:06.049" endtime="20230910 19:24:16.050"/>
</kw>
<kw name="Click Element" library="SeleniumLibrary">
<arg>locator=${search_magnifying_glass}</arg>
<doc>Click the element identified by ``locator``.</doc>
<msg timestamp="20230910 19:24:16.050" level="INFO">Clicking element '//button[@id='search-open']'.</msg>
<status status="PASS" starttime="20230910 19:24:16.050" endtime="20230910 19:24:16.132"/>
</kw>
<kw name="Sleep" library="BuiltIn">
<arg>10</arg>
<doc>Pauses the test executed for the given time.</doc>
<msg timestamp="20230910 19:24:26.133" level="INFO">Slept 10 seconds</msg>
<status status="PASS" starttime="20230910 19:24:16.132" endtime="20230910 19:24:26.133"/>
</kw>
<kw name="Input Text" library="SeleniumLibrary">
<arg>locator=${search_field}</arg>
<arg>text=${result_found}</arg>
<arg>clear=true</arg>
<doc>Types the given ``text`` into the text field identified by ``locator``.</doc>
<msg timestamp="20230910 19:24:26.133" level="INFO">Typing text 'Agibank se prepara para transacionar via Drex' into text field 'name=s'.</msg>
<status status="PASS" starttime="20230910 19:24:26.133" endtime="20230910 19:24:26.358"/>
</kw>
<kw name="Sleep" library="BuiltIn">
<arg>10</arg>
<doc>Pauses the test executed for the given time.</doc>
<msg timestamp="20230910 19:24:36.359" level="INFO">Slept 10 seconds</msg>
<status status="PASS" starttime="20230910 19:24:26.358" endtime="20230910 19:24:36.359"/>
</kw>
<status status="PASS" starttime="20230910 19:24:05.907" endtime="20230910 19:24:36.359"/>
</kw>
<kw name="And I click on the search button" library="blogresources">
<kw name="Wait Until Element Is Visible" library="SeleniumLibrary">
<arg>locator=${search_button}</arg>
<doc>Waits until the element ``locator`` is visible.</doc>
<status status="PASS" starttime="20230910 19:24:36.359" endtime="20230910 19:24:36.387"/>
</kw>
<kw name="Click Element" library="SeleniumLibrary">
<arg>locator=${search_button}</arg>
<doc>Click the element identified by ``locator``.</doc>
<msg timestamp="20230910 19:24:36.394" level="INFO">Clicking element '(//input[contains(@type,'submit')])[1]'.</msg>
<status status="PASS" starttime="20230910 19:24:36.394" endtime="20230910 19:24:37.959"/>
</kw>
<kw name="Sleep" library="BuiltIn">
<arg>10</arg>
<doc>Pauses the test executed for the given time.</doc>
<msg timestamp="20230910 19:24:47.960" level="INFO">Slept 10 seconds</msg>
<status status="PASS" starttime="20230910 19:24:37.959" endtime="20230910 19:24:47.960"/>
</kw>
<status status="PASS" starttime="20230910 19:24:36.359" endtime="20230910 19:24:47.960"/>
</kw>
<kw name="Then I should validate the search message &quot;Resultados da busca por: Agibank se prepara para transacionar via Drex&quot;" library="blogresources" sourcename="Then I should validate the search message &quot;${message_result}&quot;">
<kw name="Page Should Contain" library="SeleniumLibrary">
<arg>text=${message_result}</arg>
<doc>Verifies that current page contains ``text``.</doc>
<msg timestamp="20230910 19:24:47.981" level="INFO">Current page contains text 'Resultados da busca por: Agibank se prepara para transacionar via Drex'.</msg>
<status status="PASS" starttime="20230910 19:24:47.960" endtime="20230910 19:24:47.981"/>
</kw>
<status status="PASS" starttime="20230910 19:24:47.960" endtime="20230910 19:24:47.981"/>
</kw>
<doc>This test will access agi's blog and search for an existing article</doc>
<tag>ct_01</tag>
<status status="PASS" starttime="20230910 19:23:59.970" endtime="20230910 19:24:47.987"/>
</test>
<test id="s1-t2" name="Test Scenario 02: Search for a file that does not exist on the agi blog" line="16">
<kw name="Given I access the blog page" library="blogresources">
<kw name="Open Browser" library="SeleniumLibrary">
<arg>url=${URL}</arg>
<arg>browser=${BROWSER}</arg>
<doc>Opens a new browser instance to the optional ``url``.</doc>
<msg timestamp="20230910 19:24:47.988" level="INFO">Opening browser 'chrome' to base url 'https://blogdoagi.com.br/'.</msg>
<status status="PASS" starttime="20230910 19:24:47.988" endtime="20230910 19:24:53.543"/>
</kw>
<kw name="Maximize Browser Window" library="SeleniumLibrary">
<doc>Maximizes current browser window.</doc>
<status status="PASS" starttime="20230910 19:24:53.543" endtime="20230910 19:24:53.676"/>
</kw>
<kw name="Title Should Be" library="SeleniumLibrary">
<arg>Blog do Agi</arg>
<doc>Verifies that the current page title equals ``title``.</doc>
<msg timestamp="20230910 19:24:53.718" level="INFO">Page title is 'Blog do Agi'.</msg>
<status status="PASS" starttime="20230910 19:24:53.676" endtime="20230910 19:24:53.719"/>
</kw>
<status status="PASS" starttime="20230910 19:24:47.988" endtime="20230910 19:24:53.719"/>
</kw>
<kw name="When I search for an article not found with &quot;testando automações&quot;" library="blogresources" sourcename="When I search for an article not found with &quot;${no_results}&quot;">
<kw name="Wait Until Element Is Visible" library="SeleniumLibrary">
<arg>locator=${search_magnifying_glass}</arg>
<doc>Waits until the element ``locator`` is visible.</doc>
<status status="PASS" starttime="20230910 19:24:53.720" endtime="20230910 19:24:53.779"/>
</kw>
<kw name="Sleep" library="BuiltIn">
<arg>10</arg>
<doc>Pauses the test executed for the given time.</doc>
<msg timestamp="20230910 19:25:03.782" level="INFO">Slept 10 seconds</msg>
<status status="PASS" starttime="20230910 19:24:53.779" endtime="20230910 19:25:03.782"/>
</kw>
<kw name="Click Element" library="SeleniumLibrary">
<arg>locator=${search_magnifying_glass}</arg>
<doc>Click the element identified by ``locator``.</doc>
<msg timestamp="20230910 19:25:03.782" level="INFO">Clicking element '//button[@id='search-open']'.</msg>
<status status="PASS" starttime="20230910 19:25:03.782" endtime="20230910 19:25:03.858"/>
</kw>
<kw name="Sleep" library="BuiltIn">
<arg>10</arg>
<doc>Pauses the test executed for the given time.</doc>
<msg timestamp="20230910 19:25:13.858" level="INFO">Slept 10 seconds</msg>
<status status="PASS" starttime="20230910 19:25:03.858" endtime="20230910 19:25:13.858"/>
</kw>
<kw name="Input Text" library="SeleniumLibrary">
<arg>locator=${search_field}</arg>
<arg>text=${no_results}</arg>
<arg>clear=true</arg>
<doc>Types the given ``text`` into the text field identified by ``locator``.</doc>
<msg timestamp="20230910 19:25:13.859" level="INFO">Typing text 'testando automações' into text field 'name=s'.</msg>
<status status="PASS" starttime="20230910 19:25:13.859" endtime="20230910 19:25:14.075"/>
</kw>
<kw name="Sleep" library="BuiltIn">
<arg>10</arg>
<doc>Pauses the test executed for the given time.</doc>
<msg timestamp="20230910 19:25:24.076" level="INFO">Slept 10 seconds</msg>
<status status="PASS" starttime="20230910 19:25:14.075" endtime="20230910 19:25:24.076"/>
</kw>
<status status="PASS" starttime="20230910 19:24:53.720" endtime="20230910 19:25:24.076"/>
</kw>
<kw name="And I click on the search button" library="blogresources">
<kw name="Wait Until Element Is Visible" library="SeleniumLibrary">
<arg>locator=${search_button}</arg>
<doc>Waits until the element ``locator`` is visible.</doc>
<status status="PASS" starttime="20230910 19:25:24.077" endtime="20230910 19:25:24.112"/>
</kw>
<kw name="Click Element" library="SeleniumLibrary">
<arg>locator=${search_button}</arg>
<doc>Click the element identified by ``locator``.</doc>
<msg timestamp="20230910 19:25:24.113" level="INFO">Clicking element '(//input[contains(@type,'submit')])[1]'.</msg>
<status status="PASS" starttime="20230910 19:25:24.112" endtime="20230910 19:25:24.659"/>
</kw>
<kw name="Sleep" library="BuiltIn">
<arg>10</arg>
<doc>Pauses the test executed for the given time.</doc>
<msg timestamp="20230910 19:25:34.659" level="INFO">Slept 10 seconds</msg>
<status status="PASS" starttime="20230910 19:25:24.659" endtime="20230910 19:25:34.659"/>
</kw>
<status status="PASS" starttime="20230910 19:25:24.077" endtime="20230910 19:25:34.659"/>
</kw>
<kw name="Then I should validate the search message &quot;Não encontramos nada para estes termos de busca. Tente novamente com palavras-chave diferentes&quot; when it is not found" library="blogresources" sourcename="Then I should validate the search message &quot;${not_found}&quot; when it is not found">
<kw name="Page Should Contain" library="SeleniumLibrary">
<arg>text=${not_found}</arg>
<doc>Verifies that current page contains ``text``.</doc>
<msg timestamp="20230910 19:25:34.687" level="INFO">Current page contains text 'Não encontramos nada para estes termos de busca. Tente novamente com palavras-chave diferentes'.</msg>
<status status="PASS" starttime="20230910 19:25:34.659" endtime="20230910 19:25:34.687"/>
</kw>
<status status="PASS" starttime="20230910 19:25:34.659" endtime="20230910 19:25:34.689"/>
</kw>
<doc>This test will access the agi blog and search for an article that does not exist</doc>
<tag>ct_02</tag>
<status status="PASS" starttime="20230910 19:24:47.988" endtime="20230910 19:25:34.689"/>
</test>
<status status="PASS" starttime="20230910 19:23:59.671" endtime="20230910 19:25:34.689"/>
</suite>
<statistics>
<total>
<stat pass="2" fail="0" skip="0">All Tests</stat>
</total>
<tag>
<stat pass="1" fail="0" skip="0">ct_01</stat>
<stat pass="1" fail="0" skip="0">ct_02</stat>
</tag>
<suite>
<stat pass="2" fail="0" skip="0" id="s1" name="Blogtest">Blogtest</stat>
</suite>
</statistics>
<errors>
</errors>
</robot>
